<?xml version="1.0" encoding="UTF-8"?>
<testng-results total="1" passed="1" failed="0" skipped="0">
  <reporter-output>
    <line>
      <![CDATA[VerifyByjuLoginPageLogo]]>
    </line>
    <line>
      <![CDATA[VerifyByjuLoginBtn]]>
    </line>
    <line>
      <![CDATA[VerifyLoginText]]>
    </line>
    <line>
      <![CDATA[VerifyMobNoText]]>
    </line>
    <line>
      <![CDATA[VerifyMobileNoTextField]]>
    </line>
  </reporter-output>
  <suite started-at="2022-11-04T06:56:42Z" name="Default suite" finished-at="2022-11-04T06:56:56Z" duration-ms="14266">
    <groups>
    </groups>
    <test started-at="2022-11-04T06:56:42Z" name="Default test" finished-at="2022-11-04T06:56:56Z" duration-ms="14266">
      <class name="TestClasses.ByjuClassTest">
        <test-method is-config="true" signature="setup()" started-at="2022-11-04T06:56:42Z" name="setup" finished-at="2022-11-04T06:56:51Z" duration-ms="8587" status="PASS">
        </test-method>
        <test-method signature="ByjuLoginPageTest()" started-at="2022-11-04T06:56:51Z" name="ByjuLoginPageTest" finished-at="2022-11-04T06:56:55Z" duration-ms="4902" status="PASS">
        </test-method>
        <test-method is-config="true" signature="teardown()" started-at="2022-11-04T06:56:55Z" name="teardown" finished-at="2022-11-04T06:56:56Z" duration-ms="741" status="PASS">
        </test-method>
      </class>
    </test>
  </suite>
</testng-results>
